<?xml version="1.0" encoding="UTF-8"?>
<testsuite xmlns:xsi="http://www.w3.org/2001/XMLSchema-instance" xsi:noNamespaceSchemaLocation="https://maven.apache.org/surefire/maven-surefire-plugin/xsd/surefire-test-report.xsd" name="com.example.demo.services.EmployeeServicesTest" time="0.002" tests="1" errors="1" skipped="0" failures="0">
  <properties>
[...]
</properties>
  <testcase name="test" classname="com.example.demo.services.EmployeeServicesTest" time="0.001">
    <error type="java.lang.NullPointerException">java.lang.NullPointerException
	at com.example.demo.services.EmployeeServicesTest.test(EmployeeServicesTest.java:11)
</error>
  </testcase>
</testsuite>